\BOOKMARK [1][-]{section*.2}{Predgovor}{}% 1
\BOOKMARK [1][-]{section.1}{Obrada grešaka}{}% 2
\BOOKMARK [2][-]{subsection.1.1}{Funkcije za obradu grešaka}{section.1}% 3
\BOOKMARK [2][-]{subsection.1.2}{Primeri obrade grešaka.}{section.1}% 4
\BOOKMARK [3][-]{subsubsection.1.2.1}{Pogrešan broj argumenata}{subsection.1.2}% 5
\BOOKMARK [3][-]{subsubsection.1.2.2}{Otvaranje\040regularnog\040fajla}{subsection.1.2}% 6
\BOOKMARK [3][-]{subsubsection.1.2.3}{Kreiranje\040niti}{subsection.1.2}% 7
\BOOKMARK [1][-]{section.2}{Praktični primeri}{}% 8
\BOOKMARK [2][-]{subsection.2.1}{Obrada\040signala}{section.2}% 9
\BOOKMARK [2][-]{subsection.2.2}{Kreiranje\040deteta}{section.2}% 10
\BOOKMARK [2][-]{subsection.2.3}{Exec\040familija\040funkcija}{section.2}% 11
\BOOKMARK [2][-]{subsection.2.4}{Pravljenje\040PIPE-a}{section.2}% 12
\BOOKMARK [2][-]{subsection.2.5}{Jednosmerna komunikacija između procesa \(FIFO\)}{section.2}% 13
\BOOKMARK [2][-]{subsection.2.6}{Deljena\040memorija}{section.2}% 14
\BOOKMARK [3][-]{subsubsection.2.6.1}{Primeri\040deljenja\040memorije}{subsection.2.6}% 15
\BOOKMARK [2][-]{subsection.2.7}{Semafori}{section.2}% 16
\BOOKMARK [2][-]{subsection.2.8}{Zaključavanje fajlova}{section.2}% 17
\BOOKMARK [2][-]{subsection.2.9}{Rad\040sa\040nitima}{section.2}% 18
\BOOKMARK [2][-]{subsection.2.10}{Mutual\040exclusion\040\(mutex\)}{section.2}% 19
\BOOKMARK [2][-]{subsection.2.11}{Bonus\040primeri}{section.2}% 20
\BOOKMARK [1][-]{section.3}{Korisne\040stvari}{}% 21
\BOOKMARK [2][-]{subsection.3.1}{Čitanje liniju po liniju}{section.3}% 22
\BOOKMARK [2][-]{subsection.3.2}{Saveti\040za\040ispit}{section.3}% 23
